<?xml version="1.0" encoding="UTF-8"?>
<testng-results skipped="0" failed="0" total="1" passed="1">
  <reporter-output>
  </reporter-output>
  <suite name="GmailTestSuit" duration-ms="5177" started-at="2019-03-17T10:58:58Z" finished-at="2019-03-17T10:59:03Z">
    <groups>
    </groups>
    <test name="Test" duration-ms="5177" started-at="2019-03-17T10:58:58Z" finished-at="2019-03-17T10:59:03Z">
      <class name="com.qa.gap.testExecution.GmailTest">
        <test-method status="PASS" signature="gmailTest()[pri:0, instance:com.qa.gap.testExecution.GmailTest@4cb2c100]" name="gmailTest" duration-ms="5145" started-at="2019-03-17T16:28:58Z" finished-at="2019-03-17T16:29:03Z">
          <reporter-output>
          </reporter-output>
        </test-method> <!-- gmailTest -->
      </class> <!-- com.qa.gap.testExecution.GmailTest -->
    </test> <!-- Test -->
  </suite> <!-- GmailTestSuit -->
</testng-results>
